2024-05-14 08:15:22 [INFO][org.hibernate.validator.internal.util.Version][<clinit>][21]-> HV000001: Hibernate Validator 6.2.0.Final
2024-05-14 08:15:22 [INFO][com.witch.pan.WitchPanApplication][logStarting][55]-> Starting WitchPanApplication using Java 1.8.0_352 on KonnoYuuki with PID 9104 (D:\IDEA\WitchPan\witchpan-server\server\target\classes started by Yuuki in D:\IDEA\WitchPan\witchpan-server)
2024-05-14 08:15:22 [INFO][com.witch.pan.WitchPanApplication][logStartupProfileInfo][635]-> No active profile set, falling back to default profiles: default
2024-05-14 08:15:23 [INFO][org.springframework.data.repository.config.RepositoryConfigurationDelegate][multipleStoresDetected][262]-> Multiple Spring Data modules found, entering strict repository configuration mode!
2024-05-14 08:15:23 [INFO][org.springframework.data.repository.config.RepositoryConfigurationDelegate][registerRepositoriesIn][132]-> Bootstrapping Spring Data Redis repositories in DEFAULT mode.
2024-05-14 08:15:23 [INFO][org.springframework.data.repository.config.RepositoryConfigurationDelegate][registerRepositoriesIn][201]-> Finished Spring Data repository scanning in 12 ms. Found 0 Redis repository interfaces.
2024-05-14 08:15:24 [INFO][org.springframework.boot.web.embedded.tomcat.TomcatWebServer][initialize][108]-> Tomcat initialized with port(s): 7090 (http)
2024-05-14 08:15:24 [INFO][org.apache.coyote.http11.Http11NioProtocol][log][173]-> Initializing ProtocolHandler ["http-nio-7090"]
2024-05-14 08:15:24 [INFO][org.apache.catalina.core.StandardService][log][173]-> Starting service [Tomcat]
2024-05-14 08:15:24 [INFO][org.apache.catalina.core.StandardEngine][log][173]-> Starting Servlet engine: [Apache Tomcat/9.0.55]
2024-05-14 08:15:24 [INFO][org.apache.catalina.core.ContainerBase.[Tomcat].[localhost].[/api]][log][173]-> Initializing Spring embedded WebApplicationContext
2024-05-14 08:15:24 [INFO][org.springframework.boot.web.servlet.context.ServletWebServerApplicationContext][prepareWebApplicationContext][290]-> Root WebApplicationContext: initialization completed in 1854 ms
2024-05-14 08:15:24 [WARN][com.baomidou.mybatisplus.core.metadata.TableInfoHelper][initTableFields][307]-> Can not find table primary key in Class: "com.witch.pan.pojo.EmailCode".
2024-05-14 08:15:26 [INFO][org.apache.coyote.http11.Http11NioProtocol][log][173]-> Starting ProtocolHandler ["http-nio-7090"]
2024-05-14 08:15:26 [INFO][org.springframework.boot.web.embedded.tomcat.TomcatWebServer][start][220]-> Tomcat started on port(s): 7090 (http) with context path '/api'
2024-05-14 08:15:26 [INFO][com.witch.pan.WitchPanApplication][logStarted][61]-> Started WitchPanApplication in 4.626 seconds (JVM running for 7.129)
2024-05-14 08:15:42 [INFO][org.apache.catalina.core.ContainerBase.[Tomcat].[localhost].[/api]][log][173]-> Initializing Spring DispatcherServlet 'dispatcherServlet'
2024-05-14 08:15:42 [INFO][org.springframework.web.servlet.DispatcherServlet][initServletBean][525]-> Initializing Servlet 'dispatcherServlet'
2024-05-14 08:15:42 [INFO][org.springframework.web.servlet.DispatcherServlet][initServletBean][547]-> Completed initialization in 2 ms
2024-05-14 08:50:36 [INFO][org.hibernate.validator.internal.util.Version][<clinit>][21]-> HV000001: Hibernate Validator 6.2.0.Final
2024-05-14 08:50:36 [INFO][com.witch.pan.WitchPanApplication][logStarting][55]-> Starting WitchPanApplication using Java 1.8.0_352 on KonnoYuuki with PID 19316 (D:\IDEA\WitchPan\witchpan-server\server\target\classes started by Yuuki in D:\IDEA\WitchPan\witchpan-server)
2024-05-14 08:50:36 [INFO][com.witch.pan.WitchPanApplication][logStartupProfileInfo][635]-> No active profile set, falling back to default profiles: default
2024-05-14 08:50:36 [INFO][org.springframework.data.repository.config.RepositoryConfigurationDelegate][multipleStoresDetected][262]-> Multiple Spring Data modules found, entering strict repository configuration mode!
2024-05-14 08:50:36 [INFO][org.springframework.data.repository.config.RepositoryConfigurationDelegate][registerRepositoriesIn][132]-> Bootstrapping Spring Data Redis repositories in DEFAULT mode.
2024-05-14 08:50:36 [INFO][org.springframework.data.repository.config.RepositoryConfigurationDelegate][registerRepositoriesIn][201]-> Finished Spring Data repository scanning in 11 ms. Found 0 Redis repository interfaces.
2024-05-14 08:50:37 [INFO][org.springframework.boot.web.embedded.tomcat.TomcatWebServer][initialize][108]-> Tomcat initialized with port(s): 7090 (http)
2024-05-14 08:50:37 [INFO][org.apache.coyote.http11.Http11NioProtocol][log][173]-> Initializing ProtocolHandler ["http-nio-7090"]
2024-05-14 08:50:37 [INFO][org.apache.catalina.core.StandardService][log][173]-> Starting service [Tomcat]
2024-05-14 08:50:37 [INFO][org.apache.catalina.core.StandardEngine][log][173]-> Starting Servlet engine: [Apache Tomcat/9.0.55]
2024-05-14 08:50:37 [INFO][org.apache.catalina.core.ContainerBase.[Tomcat].[localhost].[/api]][log][173]-> Initializing Spring embedded WebApplicationContext
2024-05-14 08:50:37 [INFO][org.springframework.boot.web.servlet.context.ServletWebServerApplicationContext][prepareWebApplicationContext][290]-> Root WebApplicationContext: initialization completed in 1567 ms
2024-05-14 08:50:38 [WARN][com.baomidou.mybatisplus.core.metadata.TableInfoHelper][initTableFields][307]-> Can not find table primary key in Class: "com.witch.pan.pojo.EmailCode".
2024-05-14 08:50:40 [INFO][org.apache.coyote.http11.Http11NioProtocol][log][173]-> Starting ProtocolHandler ["http-nio-7090"]
2024-05-14 08:50:40 [INFO][org.springframework.boot.web.embedded.tomcat.TomcatWebServer][start][220]-> Tomcat started on port(s): 7090 (http) with context path '/api'
2024-05-14 08:50:40 [INFO][com.witch.pan.WitchPanApplication][logStarted][61]-> Started WitchPanApplication in 4.353 seconds (JVM running for 6.489)
2024-05-14 09:27:52 [INFO][org.apache.catalina.core.ContainerBase.[Tomcat].[localhost].[/api]][log][173]-> Initializing Spring DispatcherServlet 'dispatcherServlet'
2024-05-14 09:27:52 [INFO][org.springframework.web.servlet.DispatcherServlet][initServletBean][525]-> Initializing Servlet 'dispatcherServlet'
2024-05-14 09:27:52 [INFO][org.springframework.web.servlet.DispatcherServlet][initServletBean][547]-> Completed initialization in 1 ms
2024-05-14 10:09:48 [WARN][org.mybatis.spring.mapper.ClassPathMapperScanner][warn][44]-> No MyBatis mapper was found in '[com.witch.pan.mapper]' package. Please check your configuration.
2024-05-14 10:09:48 [INFO][org.springframework.data.repository.config.RepositoryConfigurationDelegate][registerRepositoriesIn][132]-> Bootstrapping Spring Data Redis repositories in DEFAULT mode.
2024-05-14 10:09:48 [INFO][org.springframework.data.repository.config.RepositoryConfigurationDelegate][registerRepositoriesIn][201]-> Finished Spring Data repository scanning in 8 ms. Found 0 Redis repository interfaces.
2024-05-14 10:09:48 [INFO][com.zaxxer.hikari.HikariDataSource][getConnection][110]-> HikariCPDatasource - Starting...
2024-05-14 10:09:49 [INFO][com.zaxxer.hikari.HikariDataSource][getConnection][123]-> HikariCPDatasource - Start completed.
2024-05-14 10:38:45 [INFO][com.zaxxer.hikari.HikariDataSource][close][350]-> HikariCPDatasource - Shutdown initiated...
2024-05-14 10:38:45 [INFO][com.zaxxer.hikari.HikariDataSource][close][352]-> HikariCPDatasource - Shutdown completed.
2024-05-14 10:38:49 [INFO][org.hibernate.validator.internal.util.Version][<clinit>][21]-> HV000001: Hibernate Validator 6.2.0.Final
2024-05-14 10:38:49 [INFO][com.witch.pan.WitchPanApplication][logStarting][55]-> Starting WitchPanApplication using Java 1.8.0_352 on KonnoYuuki with PID 27068 (D:\IDEA\WitchPan\witchpan-server\server\target\classes started by Yuuki in D:\IDEA\WitchPan\witchpan-server)
2024-05-14 10:38:49 [INFO][com.witch.pan.WitchPanApplication][logStartupProfileInfo][635]-> No active profile set, falling back to default profiles: default
2024-05-14 10:38:50 [INFO][org.springframework.data.repository.config.RepositoryConfigurationDelegate][multipleStoresDetected][262]-> Multiple Spring Data modules found, entering strict repository configuration mode!
2024-05-14 10:38:50 [INFO][org.springframework.data.repository.config.RepositoryConfigurationDelegate][registerRepositoriesIn][132]-> Bootstrapping Spring Data Redis repositories in DEFAULT mode.
2024-05-14 10:38:50 [INFO][org.springframework.data.repository.config.RepositoryConfigurationDelegate][registerRepositoriesIn][201]-> Finished Spring Data repository scanning in 12 ms. Found 0 Redis repository interfaces.
2024-05-14 10:38:51 [INFO][org.springframework.boot.web.embedded.tomcat.TomcatWebServer][initialize][108]-> Tomcat initialized with port(s): 7090 (http)
2024-05-14 10:38:51 [INFO][org.apache.coyote.http11.Http11NioProtocol][log][173]-> Initializing ProtocolHandler ["http-nio-7090"]
2024-05-14 10:38:51 [INFO][org.apache.catalina.core.StandardService][log][173]-> Starting service [Tomcat]
2024-05-14 10:38:51 [INFO][org.apache.catalina.core.StandardEngine][log][173]-> Starting Servlet engine: [Apache Tomcat/9.0.55]
2024-05-14 10:38:51 [INFO][org.apache.catalina.core.ContainerBase.[Tomcat].[localhost].[/api]][log][173]-> Initializing Spring embedded WebApplicationContext
2024-05-14 10:38:51 [INFO][org.springframework.boot.web.servlet.context.ServletWebServerApplicationContext][prepareWebApplicationContext][290]-> Root WebApplicationContext: initialization completed in 1810 ms
2024-05-14 10:38:52 [WARN][com.baomidou.mybatisplus.core.metadata.TableInfoHelper][initTableFields][307]-> Can not find table primary key in Class: "com.witch.pan.pojo.EmailCode".
2024-05-14 10:38:53 [INFO][org.apache.coyote.http11.Http11NioProtocol][log][173]-> Starting ProtocolHandler ["http-nio-7090"]
2024-05-14 10:38:53 [INFO][org.springframework.boot.web.embedded.tomcat.TomcatWebServer][start][220]-> Tomcat started on port(s): 7090 (http) with context path '/api'
2024-05-14 10:38:53 [INFO][com.witch.pan.WitchPanApplication][logStarted][61]-> Started WitchPanApplication in 4.622 seconds (JVM running for 7.017)
2024-05-14 10:45:28 [INFO][org.apache.catalina.core.ContainerBase.[Tomcat].[localhost].[/api]][log][173]-> Initializing Spring DispatcherServlet 'dispatcherServlet'
2024-05-14 10:45:28 [INFO][org.springframework.web.servlet.DispatcherServlet][initServletBean][525]-> Initializing Servlet 'dispatcherServlet'
2024-05-14 10:45:28 [INFO][org.springframework.web.servlet.DispatcherServlet][initServletBean][547]-> Completed initialization in 2 ms
2024-05-14 10:45:59 [INFO][com.zaxxer.hikari.HikariDataSource][getConnection][110]-> HikariCPDatasource - Starting...
2024-05-14 10:45:59 [INFO][com.zaxxer.hikari.HikariDataSource][getConnection][123]-> HikariCPDatasource - Start completed.
2024-05-14 11:01:05 [ERROR][com.witch.common.handler.GlobalExceptionHandler][handlerThrowable][42]-> 发生未知异常！原因是: 
org.springframework.web.multipart.MaxUploadSizeExceededException: Maximum upload size exceeded; nested exception is java.lang.IllegalStateException: org.apache.tomcat.util.http.fileupload.impl.FileSizeLimitExceededException: The field avatar exceeds its maximum permitted size of 1048576 bytes.
	at org.springframework.web.multipart.support.StandardMultipartHttpServletRequest.handleParseFailure(StandardMultipartHttpServletRequest.java:122)
	at org.springframework.web.multipart.support.StandardMultipartHttpServletRequest.parseRequest(StandardMultipartHttpServletRequest.java:115)
	at org.springframework.web.multipart.support.StandardMultipartHttpServletRequest.<init>(StandardMultipartHttpServletRequest.java:88)
	at org.springframework.web.multipart.support.StandardServletMultipartResolver.resolveMultipart(StandardServletMultipartResolver.java:122)
	at org.springframework.web.servlet.DispatcherServlet.checkMultipart(DispatcherServlet.java:1205)
	at org.springframework.web.servlet.DispatcherServlet.doDispatch(DispatcherServlet.java:1039)
	at org.springframework.web.servlet.DispatcherServlet.doService(DispatcherServlet.java:963)
	at org.springframework.web.servlet.FrameworkServlet.processRequest(FrameworkServlet.java:1006)
	at org.springframework.web.servlet.FrameworkServlet.doPost(FrameworkServlet.java:909)
	at javax.servlet.http.HttpServlet.service(HttpServlet.java:681)
	at org.springframework.web.servlet.FrameworkServlet.service(FrameworkServlet.java:883)
	at javax.servlet.http.HttpServlet.service(HttpServlet.java:764)
	at org.apache.catalina.core.ApplicationFilterChain.internalDoFilter(ApplicationFilterChain.java:227)
	at org.apache.catalina.core.ApplicationFilterChain.doFilter(ApplicationFilterChain.java:162)
	at org.apache.tomcat.websocket.server.WsFilter.doFilter(WsFilter.java:53)
	at org.apache.catalina.core.ApplicationFilterChain.internalDoFilter(ApplicationFilterChain.java:189)
	at org.apache.catalina.core.ApplicationFilterChain.doFilter(ApplicationFilterChain.java:162)
	at org.springframework.web.filter.RequestContextFilter.doFilterInternal(RequestContextFilter.java:100)
	at org.springframework.web.filter.OncePerRequestFilter.doFilter(OncePerRequestFilter.java:119)
	at org.apache.catalina.core.ApplicationFilterChain.internalDoFilter(ApplicationFilterChain.java:189)
	at org.apache.catalina.core.ApplicationFilterChain.doFilter(ApplicationFilterChain.java:162)
	at org.springframework.web.filter.FormContentFilter.doFilterInternal(FormContentFilter.java:93)
	at org.springframework.web.filter.OncePerRequestFilter.doFilter(OncePerRequestFilter.java:119)
	at org.apache.catalina.core.ApplicationFilterChain.internalDoFilter(ApplicationFilterChain.java:189)
	at org.apache.catalina.core.ApplicationFilterChain.doFilter(ApplicationFilterChain.java:162)
	at org.springframework.web.filter.CharacterEncodingFilter.doFilterInternal(CharacterEncodingFilter.java:201)
	at org.springframework.web.filter.OncePerRequestFilter.doFilter(OncePerRequestFilter.java:119)
	at org.apache.catalina.core.ApplicationFilterChain.internalDoFilter(ApplicationFilterChain.java:189)
	at org.apache.catalina.core.ApplicationFilterChain.doFilter(ApplicationFilterChain.java:162)
	at org.apache.catalina.core.StandardWrapperValve.invoke(StandardWrapperValve.java:197)
	at org.apache.catalina.core.StandardContextValve.__invoke(StandardContextValve.java:97)
	at org.apache.catalina.core.StandardContextValve.invoke(StandardContextValve.java:41002)
	at org.apache.catalina.authenticator.AuthenticatorBase.invoke(AuthenticatorBase.java:540)
	at org.apache.catalina.core.StandardHostValve.invoke(StandardHostValve.java:135)
	at org.apache.catalina.valves.ErrorReportValve.invoke(ErrorReportValve.java:92)
	at org.apache.catalina.core.StandardEngineValve.invoke(StandardEngineValve.java:78)
	at org.apache.catalina.connector.CoyoteAdapter.service(CoyoteAdapter.java:357)
	at org.apache.coyote.http11.Http11Processor.service(Http11Processor.java:382)
	at org.apache.coyote.AbstractProcessorLight.process(AbstractProcessorLight.java:65)
	at org.apache.coyote.AbstractProtocol$ConnectionHandler.process(AbstractProtocol.java:895)
	at org.apache.tomcat.util.net.NioEndpoint$SocketProcessor.doRun(NioEndpoint.java:1722)
	at org.apache.tomcat.util.net.SocketProcessorBase.run(SocketProcessorBase.java:49)
	at org.apache.tomcat.util.threads.ThreadPoolExecutor.runWorker(ThreadPoolExecutor.java:1191)
	at org.apache.tomcat.util.threads.ThreadPoolExecutor$Worker.run(ThreadPoolExecutor.java:659)
	at org.apache.tomcat.util.threads.TaskThread$WrappingRunnable.run(TaskThread.java:61)
	at java.lang.Thread.run(Thread.java:750)
Caused by: java.lang.IllegalStateException: org.apache.tomcat.util.http.fileupload.impl.FileSizeLimitExceededException: The field avatar exceeds its maximum permitted size of 1048576 bytes.
	at org.apache.catalina.connector.Request.parseParts(Request.java:2963)
	at org.apache.catalina.connector.Request.getParts(Request.java:2823)
	at org.apache.catalina.connector.RequestFacade.getParts(RequestFacade.java:1098)
	at org.springframework.web.multipart.support.StandardMultipartHttpServletRequest.parseRequest(StandardMultipartHttpServletRequest.java:95)
	... 44 common frames omitted
Caused by: org.apache.tomcat.util.http.fileupload.impl.FileSizeLimitExceededException: The field avatar exceeds its maximum permitted size of 1048576 bytes.
	at org.apache.tomcat.util.http.fileupload.impl.FileItemStreamImpl$1.raiseError(FileItemStreamImpl.java:117)
	at org.apache.tomcat.util.http.fileupload.util.LimitedInputStream.checkLimit(LimitedInputStream.java:76)
	at org.apache.tomcat.util.http.fileupload.util.LimitedInputStream.read(LimitedInputStream.java:135)
	at java.io.FilterInputStream.read(FilterInputStream.java:107)
	at org.apache.tomcat.util.http.fileupload.util.Streams.copy(Streams.java:97)
	at org.apache.tomcat.util.http.fileupload.FileUploadBase.parseRequest(FileUploadBase.java:288)
	at org.apache.catalina.connector.Request.parseParts(Request.java:2921)
	... 47 common frames omitted
2024-05-14 11:01:44 [ERROR][com.witch.common.handler.GlobalExceptionHandler][handlerThrowable][42]-> 发生未知异常！原因是: 
org.springframework.web.multipart.MaxUploadSizeExceededException: Maximum upload size exceeded; nested exception is java.lang.IllegalStateException: org.apache.tomcat.util.http.fileupload.impl.FileSizeLimitExceededException: The field avatar exceeds its maximum permitted size of 1048576 bytes.
	at org.springframework.web.multipart.support.StandardMultipartHttpServletRequest.handleParseFailure(StandardMultipartHttpServletRequest.java:122)
	at org.springframework.web.multipart.support.StandardMultipartHttpServletRequest.parseRequest(StandardMultipartHttpServletRequest.java:115)
	at org.springframework.web.multipart.support.StandardMultipartHttpServletRequest.<init>(StandardMultipartHttpServletRequest.java:88)
	at org.springframework.web.multipart.support.StandardServletMultipartResolver.resolveMultipart(StandardServletMultipartResolver.java:122)
	at org.springframework.web.servlet.DispatcherServlet.checkMultipart(DispatcherServlet.java:1205)
	at org.springframework.web.servlet.DispatcherServlet.doDispatch(DispatcherServlet.java:1039)
	at org.springframework.web.servlet.DispatcherServlet.doService(DispatcherServlet.java:963)
	at org.springframework.web.servlet.FrameworkServlet.processRequest(FrameworkServlet.java:1006)
	at org.springframework.web.servlet.FrameworkServlet.doPost(FrameworkServlet.java:909)
	at javax.servlet.http.HttpServlet.service(HttpServlet.java:681)
	at org.springframework.web.servlet.FrameworkServlet.service(FrameworkServlet.java:883)
	at javax.servlet.http.HttpServlet.service(HttpServlet.java:764)
	at org.apache.catalina.core.ApplicationFilterChain.internalDoFilter(ApplicationFilterChain.java:227)
	at org.apache.catalina.core.ApplicationFilterChain.doFilter(ApplicationFilterChain.java:162)
	at org.apache.tomcat.websocket.server.WsFilter.doFilter(WsFilter.java:53)
	at org.apache.catalina.core.ApplicationFilterChain.internalDoFilter(ApplicationFilterChain.java:189)
	at org.apache.catalina.core.ApplicationFilterChain.doFilter(ApplicationFilterChain.java:162)
	at org.springframework.web.filter.RequestContextFilter.doFilterInternal(RequestContextFilter.java:100)
	at org.springframework.web.filter.OncePerRequestFilter.doFilter(OncePerRequestFilter.java:119)
	at org.apache.catalina.core.ApplicationFilterChain.internalDoFilter(ApplicationFilterChain.java:189)
	at org.apache.catalina.core.ApplicationFilterChain.doFilter(ApplicationFilterChain.java:162)
	at org.springframework.web.filter.FormContentFilter.doFilterInternal(FormContentFilter.java:93)
	at org.springframework.web.filter.OncePerRequestFilter.doFilter(OncePerRequestFilter.java:119)
	at org.apache.catalina.core.ApplicationFilterChain.internalDoFilter(ApplicationFilterChain.java:189)
	at org.apache.catalina.core.ApplicationFilterChain.doFilter(ApplicationFilterChain.java:162)
	at org.springframework.web.filter.CharacterEncodingFilter.doFilterInternal(CharacterEncodingFilter.java:201)
	at org.springframework.web.filter.OncePerRequestFilter.doFilter(OncePerRequestFilter.java:119)
	at org.apache.catalina.core.ApplicationFilterChain.internalDoFilter(ApplicationFilterChain.java:189)
	at org.apache.catalina.core.ApplicationFilterChain.doFilter(ApplicationFilterChain.java:162)
	at org.apache.catalina.core.StandardWrapperValve.invoke(StandardWrapperValve.java:197)
	at org.apache.catalina.core.StandardContextValve.__invoke(StandardContextValve.java:97)
	at org.apache.catalina.core.StandardContextValve.invoke(StandardContextValve.java:41002)
	at org.apache.catalina.authenticator.AuthenticatorBase.invoke(AuthenticatorBase.java:540)
	at org.apache.catalina.core.StandardHostValve.invoke(StandardHostValve.java:135)
	at org.apache.catalina.valves.ErrorReportValve.invoke(ErrorReportValve.java:92)
	at org.apache.catalina.core.StandardEngineValve.invoke(StandardEngineValve.java:78)
	at org.apache.catalina.connector.CoyoteAdapter.service(CoyoteAdapter.java:357)
	at org.apache.coyote.http11.Http11Processor.service(Http11Processor.java:382)
	at org.apache.coyote.AbstractProcessorLight.process(AbstractProcessorLight.java:65)
	at org.apache.coyote.AbstractProtocol$ConnectionHandler.process(AbstractProtocol.java:895)
	at org.apache.tomcat.util.net.NioEndpoint$SocketProcessor.doRun(NioEndpoint.java:1722)
	at org.apache.tomcat.util.net.SocketProcessorBase.run(SocketProcessorBase.java:49)
	at org.apache.tomcat.util.threads.ThreadPoolExecutor.runWorker(ThreadPoolExecutor.java:1191)
	at org.apache.tomcat.util.threads.ThreadPoolExecutor$Worker.run(ThreadPoolExecutor.java:659)
	at org.apache.tomcat.util.threads.TaskThread$WrappingRunnable.run(TaskThread.java:61)
	at java.lang.Thread.run(Thread.java:750)
Caused by: java.lang.IllegalStateException: org.apache.tomcat.util.http.fileupload.impl.FileSizeLimitExceededException: The field avatar exceeds its maximum permitted size of 1048576 bytes.
	at org.apache.catalina.connector.Request.parseParts(Request.java:2963)
	at org.apache.catalina.connector.Request.getParts(Request.java:2823)
	at org.apache.catalina.connector.RequestFacade.getParts(RequestFacade.java:1098)
	at org.springframework.web.multipart.support.StandardMultipartHttpServletRequest.parseRequest(StandardMultipartHttpServletRequest.java:95)
	... 44 common frames omitted
Caused by: org.apache.tomcat.util.http.fileupload.impl.FileSizeLimitExceededException: The field avatar exceeds its maximum permitted size of 1048576 bytes.
	at org.apache.tomcat.util.http.fileupload.impl.FileItemStreamImpl$1.raiseError(FileItemStreamImpl.java:117)
	at org.apache.tomcat.util.http.fileupload.util.LimitedInputStream.checkLimit(LimitedInputStream.java:76)
	at org.apache.tomcat.util.http.fileupload.util.LimitedInputStream.read(LimitedInputStream.java:135)
	at java.io.FilterInputStream.read(FilterInputStream.java:107)
	at org.apache.tomcat.util.http.fileupload.util.Streams.copy(Streams.java:97)
	at org.apache.tomcat.util.http.fileupload.FileUploadBase.parseRequest(FileUploadBase.java:288)
	at org.apache.catalina.connector.Request.parseParts(Request.java:2921)
	... 47 common frames omitted
2024-05-14 11:01:57 [ERROR][com.witch.common.handler.GlobalExceptionHandler][handlerThrowable][42]-> 发生未知异常！原因是: 
org.springframework.web.multipart.MaxUploadSizeExceededException: Maximum upload size exceeded; nested exception is java.lang.IllegalStateException: org.apache.tomcat.util.http.fileupload.impl.FileSizeLimitExceededException: The field avatar exceeds its maximum permitted size of 1048576 bytes.
	at org.springframework.web.multipart.support.StandardMultipartHttpServletRequest.handleParseFailure(StandardMultipartHttpServletRequest.java:122)
	at org.springframework.web.multipart.support.StandardMultipartHttpServletRequest.parseRequest(StandardMultipartHttpServletRequest.java:115)
	at org.springframework.web.multipart.support.StandardMultipartHttpServletRequest.<init>(StandardMultipartHttpServletRequest.java:88)
	at org.springframework.web.multipart.support.StandardServletMultipartResolver.resolveMultipart(StandardServletMultipartResolver.java:122)
	at org.springframework.web.servlet.DispatcherServlet.checkMultipart(DispatcherServlet.java:1205)
	at org.springframework.web.servlet.DispatcherServlet.doDispatch(DispatcherServlet.java:1039)
	at org.springframework.web.servlet.DispatcherServlet.doService(DispatcherServlet.java:963)
	at org.springframework.web.servlet.FrameworkServlet.processRequest(FrameworkServlet.java:1006)
	at org.springframework.web.servlet.FrameworkServlet.doPost(FrameworkServlet.java:909)
	at javax.servlet.http.HttpServlet.service(HttpServlet.java:681)
	at org.springframework.web.servlet.FrameworkServlet.service(FrameworkServlet.java:883)
	at javax.servlet.http.HttpServlet.service(HttpServlet.java:764)
	at org.apache.catalina.core.ApplicationFilterChain.internalDoFilter(ApplicationFilterChain.java:227)
	at org.apache.catalina.core.ApplicationFilterChain.doFilter(ApplicationFilterChain.java:162)
	at org.apache.tomcat.websocket.server.WsFilter.doFilter(WsFilter.java:53)
	at org.apache.catalina.core.ApplicationFilterChain.internalDoFilter(ApplicationFilterChain.java:189)
	at org.apache.catalina.core.ApplicationFilterChain.doFilter(ApplicationFilterChain.java:162)
	at org.springframework.web.filter.RequestContextFilter.doFilterInternal(RequestContextFilter.java:100)
	at org.springframework.web.filter.OncePerRequestFilter.doFilter(OncePerRequestFilter.java:119)
	at org.apache.catalina.core.ApplicationFilterChain.internalDoFilter(ApplicationFilterChain.java:189)
	at org.apache.catalina.core.ApplicationFilterChain.doFilter(ApplicationFilterChain.java:162)
	at org.springframework.web.filter.FormContentFilter.doFilterInternal(FormContentFilter.java:93)
	at org.springframework.web.filter.OncePerRequestFilter.doFilter(OncePerRequestFilter.java:119)
	at org.apache.catalina.core.ApplicationFilterChain.internalDoFilter(ApplicationFilterChain.java:189)
	at org.apache.catalina.core.ApplicationFilterChain.doFilter(ApplicationFilterChain.java:162)
	at org.springframework.web.filter.CharacterEncodingFilter.doFilterInternal(CharacterEncodingFilter.java:201)
	at org.springframework.web.filter.OncePerRequestFilter.doFilter(OncePerRequestFilter.java:119)
	at org.apache.catalina.core.ApplicationFilterChain.internalDoFilter(ApplicationFilterChain.java:189)
	at org.apache.catalina.core.ApplicationFilterChain.doFilter(ApplicationFilterChain.java:162)
	at org.apache.catalina.core.StandardWrapperValve.invoke(StandardWrapperValve.java:197)
	at org.apache.catalina.core.StandardContextValve.__invoke(StandardContextValve.java:97)
	at org.apache.catalina.core.StandardContextValve.invoke(StandardContextValve.java:41002)
	at org.apache.catalina.authenticator.AuthenticatorBase.invoke(AuthenticatorBase.java:540)
	at org.apache.catalina.core.StandardHostValve.invoke(StandardHostValve.java:135)
	at org.apache.catalina.valves.ErrorReportValve.invoke(ErrorReportValve.java:92)
	at org.apache.catalina.core.StandardEngineValve.invoke(StandardEngineValve.java:78)
	at org.apache.catalina.connector.CoyoteAdapter.service(CoyoteAdapter.java:357)
	at org.apache.coyote.http11.Http11Processor.service(Http11Processor.java:382)
	at org.apache.coyote.AbstractProcessorLight.process(AbstractProcessorLight.java:65)
	at org.apache.coyote.AbstractProtocol$ConnectionHandler.process(AbstractProtocol.java:895)
	at org.apache.tomcat.util.net.NioEndpoint$SocketProcessor.doRun(NioEndpoint.java:1722)
	at org.apache.tomcat.util.net.SocketProcessorBase.run(SocketProcessorBase.java:49)
	at org.apache.tomcat.util.threads.ThreadPoolExecutor.runWorker(ThreadPoolExecutor.java:1191)
	at org.apache.tomcat.util.threads.ThreadPoolExecutor$Worker.run(ThreadPoolExecutor.java:659)
	at org.apache.tomcat.util.threads.TaskThread$WrappingRunnable.run(TaskThread.java:61)
	at java.lang.Thread.run(Thread.java:750)
Caused by: java.lang.IllegalStateException: org.apache.tomcat.util.http.fileupload.impl.FileSizeLimitExceededException: The field avatar exceeds its maximum permitted size of 1048576 bytes.
	at org.apache.catalina.connector.Request.parseParts(Request.java:2963)
	at org.apache.catalina.connector.Request.getParts(Request.java:2823)
	at org.apache.catalina.connector.RequestFacade.getParts(RequestFacade.java:1098)
	at org.springframework.web.multipart.support.StandardMultipartHttpServletRequest.parseRequest(StandardMultipartHttpServletRequest.java:95)
	... 44 common frames omitted
Caused by: org.apache.tomcat.util.http.fileupload.impl.FileSizeLimitExceededException: The field avatar exceeds its maximum permitted size of 1048576 bytes.
	at org.apache.tomcat.util.http.fileupload.impl.FileItemStreamImpl$1.raiseError(FileItemStreamImpl.java:117)
	at org.apache.tomcat.util.http.fileupload.util.LimitedInputStream.checkLimit(LimitedInputStream.java:76)
	at org.apache.tomcat.util.http.fileupload.util.LimitedInputStream.read(LimitedInputStream.java:135)
	at java.io.FilterInputStream.read(FilterInputStream.java:107)
	at org.apache.tomcat.util.http.fileupload.util.Streams.copy(Streams.java:97)
	at org.apache.tomcat.util.http.fileupload.FileUploadBase.parseRequest(FileUploadBase.java:288)
	at org.apache.catalina.connector.Request.parseParts(Request.java:2921)
	... 47 common frames omitted
2024-05-14 11:21:53 [INFO][org.springframework.data.repository.config.RepositoryConfigurationDelegate][registerRepositoriesIn][132]-> Bootstrapping Spring Data Redis repositories in DEFAULT mode.
2024-05-14 11:21:53 [INFO][org.springframework.data.repository.config.RepositoryConfigurationDelegate][registerRepositoriesIn][201]-> Finished Spring Data repository scanning in 10 ms. Found 0 Redis repository interfaces.
2024-05-14 11:21:53 [WARN][org.mybatis.spring.mapper.ClassPathMapperScanner][warn][44]-> No MyBatis mapper was found in '[com.witch.pan.mapper]' package. Please check your configuration.
2024-05-14 12:02:36 [INFO][org.springframework.data.repository.config.RepositoryConfigurationDelegate][registerRepositoriesIn][132]-> Bootstrapping Spring Data Redis repositories in DEFAULT mode.
2024-05-14 12:02:36 [INFO][org.springframework.data.repository.config.RepositoryConfigurationDelegate][registerRepositoriesIn][201]-> Finished Spring Data repository scanning in 5 ms. Found 0 Redis repository interfaces.
2024-05-14 12:02:36 [WARN][org.mybatis.spring.mapper.ClassPathMapperScanner][warn][44]-> No MyBatis mapper was found in '[com.witch.pan.mapper]' package. Please check your configuration.
2024-05-14 12:49:19 [ERROR][com.witch.common.handler.GlobalExceptionHandler][handlerThrowable][42]-> 发生未知异常！原因是: 
org.springframework.web.multipart.MaxUploadSizeExceededException: Maximum upload size exceeded; nested exception is java.lang.IllegalStateException: org.apache.tomcat.util.http.fileupload.impl.FileSizeLimitExceededException: The field avatar exceeds its maximum permitted size of 1048576 bytes.
	at org.springframework.web.multipart.support.StandardMultipartHttpServletRequest.handleParseFailure(StandardMultipartHttpServletRequest.java:122)
	at org.springframework.web.multipart.support.StandardMultipartHttpServletRequest.parseRequest(StandardMultipartHttpServletRequest.java:115)
	at org.springframework.web.multipart.support.StandardMultipartHttpServletRequest.<init>(StandardMultipartHttpServletRequest.java:88)
	at org.springframework.web.multipart.support.StandardServletMultipartResolver.resolveMultipart(StandardServletMultipartResolver.java:122)
	at org.springframework.web.servlet.DispatcherServlet.checkMultipart(DispatcherServlet.java:1205)
	at org.springframework.web.servlet.DispatcherServlet.doDispatch(DispatcherServlet.java:1039)
	at org.springframework.web.servlet.DispatcherServlet.doService(DispatcherServlet.java:963)
	at org.springframework.web.servlet.FrameworkServlet.processRequest(FrameworkServlet.java:1006)
	at org.springframework.web.servlet.FrameworkServlet.doPost(FrameworkServlet.java:909)
	at javax.servlet.http.HttpServlet.service(HttpServlet.java:681)
	at org.springframework.web.servlet.FrameworkServlet.service(FrameworkServlet.java:883)
	at javax.servlet.http.HttpServlet.service(HttpServlet.java:764)
	at org.apache.catalina.core.ApplicationFilterChain.internalDoFilter(ApplicationFilterChain.java:227)
	at org.apache.catalina.core.ApplicationFilterChain.doFilter(ApplicationFilterChain.java:162)
	at org.apache.tomcat.websocket.server.WsFilter.doFilter(WsFilter.java:53)
	at org.apache.catalina.core.ApplicationFilterChain.internalDoFilter(ApplicationFilterChain.java:189)
	at org.apache.catalina.core.ApplicationFilterChain.doFilter(ApplicationFilterChain.java:162)
	at org.springframework.web.filter.RequestContextFilter.doFilterInternal(RequestContextFilter.java:100)
	at org.springframework.web.filter.OncePerRequestFilter.doFilter(OncePerRequestFilter.java:119)
	at org.apache.catalina.core.ApplicationFilterChain.internalDoFilter(ApplicationFilterChain.java:189)
	at org.apache.catalina.core.ApplicationFilterChain.doFilter(ApplicationFilterChain.java:162)
	at org.springframework.web.filter.FormContentFilter.doFilterInternal(FormContentFilter.java:93)
	at org.springframework.web.filter.OncePerRequestFilter.doFilter(OncePerRequestFilter.java:119)
	at org.apache.catalina.core.ApplicationFilterChain.internalDoFilter(ApplicationFilterChain.java:189)
	at org.apache.catalina.core.ApplicationFilterChain.doFilter(ApplicationFilterChain.java:162)
	at org.springframework.web.filter.CharacterEncodingFilter.doFilterInternal(CharacterEncodingFilter.java:201)
	at org.springframework.web.filter.OncePerRequestFilter.doFilter(OncePerRequestFilter.java:119)
	at org.apache.catalina.core.ApplicationFilterChain.internalDoFilter(ApplicationFilterChain.java:189)
	at org.apache.catalina.core.ApplicationFilterChain.doFilter(ApplicationFilterChain.java:162)
	at org.apache.catalina.core.StandardWrapperValve.invoke(StandardWrapperValve.java:197)
	at org.apache.catalina.core.StandardContextValve.__invoke(StandardContextValve.java:97)
	at org.apache.catalina.core.StandardContextValve.invoke(StandardContextValve.java:41002)
	at org.apache.catalina.authenticator.AuthenticatorBase.invoke(AuthenticatorBase.java:540)
	at org.apache.catalina.core.StandardHostValve.invoke(StandardHostValve.java:135)
	at org.apache.catalina.valves.ErrorReportValve.invoke(ErrorReportValve.java:92)
	at org.apache.catalina.core.StandardEngineValve.invoke(StandardEngineValve.java:78)
	at org.apache.catalina.connector.CoyoteAdapter.service(CoyoteAdapter.java:357)
	at org.apache.coyote.http11.Http11Processor.service(Http11Processor.java:382)
	at org.apache.coyote.AbstractProcessorLight.process(AbstractProcessorLight.java:65)
	at org.apache.coyote.AbstractProtocol$ConnectionHandler.process(AbstractProtocol.java:895)
	at org.apache.tomcat.util.net.NioEndpoint$SocketProcessor.doRun(NioEndpoint.java:1722)
	at org.apache.tomcat.util.net.SocketProcessorBase.run(SocketProcessorBase.java:49)
	at org.apache.tomcat.util.threads.ThreadPoolExecutor.runWorker(ThreadPoolExecutor.java:1191)
	at org.apache.tomcat.util.threads.ThreadPoolExecutor$Worker.run(ThreadPoolExecutor.java:659)
	at org.apache.tomcat.util.threads.TaskThread$WrappingRunnable.run(TaskThread.java:61)
	at java.lang.Thread.run(Thread.java:750)
Caused by: java.lang.IllegalStateException: org.apache.tomcat.util.http.fileupload.impl.FileSizeLimitExceededException: The field avatar exceeds its maximum permitted size of 1048576 bytes.
	at org.apache.catalina.connector.Request.parseParts(Request.java:2963)
	at org.apache.catalina.connector.Request.getParts(Request.java:2823)
	at org.apache.catalina.connector.RequestFacade.getParts(RequestFacade.java:1098)
	at org.springframework.web.multipart.support.StandardMultipartHttpServletRequest.parseRequest(StandardMultipartHttpServletRequest.java:95)
	... 44 common frames omitted
Caused by: org.apache.tomcat.util.http.fileupload.impl.FileSizeLimitExceededException: The field avatar exceeds its maximum permitted size of 1048576 bytes.
	at org.apache.tomcat.util.http.fileupload.impl.FileItemStreamImpl$1.raiseError(FileItemStreamImpl.java:117)
	at org.apache.tomcat.util.http.fileupload.util.LimitedInputStream.checkLimit(LimitedInputStream.java:76)
	at org.apache.tomcat.util.http.fileupload.util.LimitedInputStream.read(LimitedInputStream.java:135)
	at java.io.FilterInputStream.read(FilterInputStream.java:107)
	at org.apache.tomcat.util.http.fileupload.util.Streams.copy(Streams.java:97)
	at org.apache.tomcat.util.http.fileupload.FileUploadBase.parseRequest(FileUploadBase.java:288)
	at org.apache.catalina.connector.Request.parseParts(Request.java:2921)
	... 47 common frames omitted
2024-05-14 13:14:19 [INFO][com.zaxxer.hikari.HikariDataSource][close][350]-> HikariCPDatasource - Shutdown initiated...
2024-05-14 13:14:19 [INFO][com.zaxxer.hikari.HikariDataSource][close][352]-> HikariCPDatasource - Shutdown completed.
2024-05-14 13:14:27 [INFO][org.hibernate.validator.internal.util.Version][<clinit>][21]-> HV000001: Hibernate Validator 6.2.0.Final
2024-05-14 13:14:27 [INFO][com.witch.pan.WitchPanApplication][logStarting][55]-> Starting WitchPanApplication using Java 1.8.0_352 on KonnoYuuki with PID 5012 (D:\IDEA\WitchPan\witchpan-server\server\target\classes started by Yuuki in D:\IDEA\WitchPan\witchpan-server)
2024-05-14 13:14:27 [INFO][com.witch.pan.WitchPanApplication][logStartupProfileInfo][635]-> No active profile set, falling back to default profiles: default
2024-05-14 13:14:28 [INFO][org.springframework.data.repository.config.RepositoryConfigurationDelegate][multipleStoresDetected][262]-> Multiple Spring Data modules found, entering strict repository configuration mode!
2024-05-14 13:14:28 [INFO][org.springframework.data.repository.config.RepositoryConfigurationDelegate][registerRepositoriesIn][132]-> Bootstrapping Spring Data Redis repositories in DEFAULT mode.
2024-05-14 13:14:28 [INFO][org.springframework.data.repository.config.RepositoryConfigurationDelegate][registerRepositoriesIn][201]-> Finished Spring Data repository scanning in 21 ms. Found 0 Redis repository interfaces.
2024-05-14 13:14:29 [INFO][org.springframework.boot.web.embedded.tomcat.TomcatWebServer][initialize][108]-> Tomcat initialized with port(s): 7090 (http)
2024-05-14 13:14:29 [INFO][org.apache.coyote.http11.Http11NioProtocol][log][173]-> Initializing ProtocolHandler ["http-nio-7090"]
2024-05-14 13:14:29 [INFO][org.apache.catalina.core.StandardService][log][173]-> Starting service [Tomcat]
2024-05-14 13:14:29 [INFO][org.apache.catalina.core.StandardEngine][log][173]-> Starting Servlet engine: [Apache Tomcat/9.0.55]
2024-05-14 13:14:29 [INFO][org.apache.catalina.core.ContainerBase.[Tomcat].[localhost].[/api]][log][173]-> Initializing Spring embedded WebApplicationContext
2024-05-14 13:14:29 [INFO][org.springframework.boot.web.servlet.context.ServletWebServerApplicationContext][prepareWebApplicationContext][290]-> Root WebApplicationContext: initialization completed in 2171 ms
2024-05-14 13:14:30 [WARN][com.baomidou.mybatisplus.core.metadata.TableInfoHelper][initTableFields][307]-> Can not find table primary key in Class: "com.witch.pan.pojo.EmailCode".
2024-05-14 13:14:31 [INFO][org.apache.coyote.http11.Http11NioProtocol][log][173]-> Starting ProtocolHandler ["http-nio-7090"]
2024-05-14 13:14:31 [INFO][org.springframework.boot.web.embedded.tomcat.TomcatWebServer][start][220]-> Tomcat started on port(s): 7090 (http) with context path '/api'
2024-05-14 13:14:31 [INFO][com.witch.pan.WitchPanApplication][logStarted][61]-> Started WitchPanApplication in 5.231 seconds (JVM running for 7.49)
2024-05-14 13:14:37 [INFO][org.apache.catalina.core.ContainerBase.[Tomcat].[localhost].[/api]][log][173]-> Initializing Spring DispatcherServlet 'dispatcherServlet'
2024-05-14 13:14:37 [INFO][org.springframework.web.servlet.DispatcherServlet][initServletBean][525]-> Initializing Servlet 'dispatcherServlet'
2024-05-14 13:14:37 [INFO][org.springframework.web.servlet.DispatcherServlet][initServletBean][547]-> Completed initialization in 3 ms
2024-05-14 13:14:37 [ERROR][com.witch.common.handler.GlobalExceptionHandler][bizExceptionHandler][34]-> 发生业务异常！原因是: 无登陆信息，请重新登陆!
2024-05-14 13:14:37 [ERROR][com.witch.common.handler.GlobalExceptionHandler][bizExceptionHandler][34]-> 发生业务异常！原因是: 无登陆信息，请重新登陆!
2024-05-14 13:15:00 [INFO][com.zaxxer.hikari.HikariDataSource][getConnection][110]-> HikariCPDatasource - Starting...
2024-05-14 13:15:00 [INFO][com.zaxxer.hikari.HikariDataSource][getConnection][123]-> HikariCPDatasource - Start completed.
2024-05-14 13:41:09 [INFO][com.zaxxer.hikari.HikariDataSource][close][350]-> HikariCPDatasource - Shutdown initiated...
2024-05-14 13:41:09 [INFO][com.zaxxer.hikari.HikariDataSource][close][352]-> HikariCPDatasource - Shutdown completed.
2024-05-14 13:41:25 [INFO][org.hibernate.validator.internal.util.Version][<clinit>][21]-> HV000001: Hibernate Validator 6.2.0.Final
2024-05-14 13:41:25 [INFO][com.witch.pan.WitchPanApplication][logStarting][55]-> Starting WitchPanApplication using Java 1.8.0_352 on KonnoYuuki with PID 10248 (D:\IDEA\WitchPan\witchpan-server\server\target\classes started by Yuuki in D:\IDEA\WitchPan\witchpan-server)
2024-05-14 13:41:25 [INFO][com.witch.pan.WitchPanApplication][logStartupProfileInfo][635]-> No active profile set, falling back to default profiles: default
2024-05-14 13:41:26 [INFO][org.springframework.data.repository.config.RepositoryConfigurationDelegate][multipleStoresDetected][262]-> Multiple Spring Data modules found, entering strict repository configuration mode!
2024-05-14 13:41:26 [INFO][org.springframework.data.repository.config.RepositoryConfigurationDelegate][registerRepositoriesIn][132]-> Bootstrapping Spring Data Redis repositories in DEFAULT mode.
2024-05-14 13:41:26 [INFO][org.springframework.data.repository.config.RepositoryConfigurationDelegate][registerRepositoriesIn][201]-> Finished Spring Data repository scanning in 12 ms. Found 0 Redis repository interfaces.
2024-05-14 13:41:27 [INFO][org.springframework.boot.web.embedded.tomcat.TomcatWebServer][initialize][108]-> Tomcat initialized with port(s): 7090 (http)
2024-05-14 13:41:27 [INFO][org.apache.coyote.http11.Http11NioProtocol][log][173]-> Initializing ProtocolHandler ["http-nio-7090"]
2024-05-14 13:41:27 [INFO][org.apache.catalina.core.StandardService][log][173]-> Starting service [Tomcat]
2024-05-14 13:41:27 [INFO][org.apache.catalina.core.StandardEngine][log][173]-> Starting Servlet engine: [Apache Tomcat/9.0.55]
2024-05-14 13:41:27 [INFO][org.apache.catalina.core.ContainerBase.[Tomcat].[localhost].[/api]][log][173]-> Initializing Spring embedded WebApplicationContext
2024-05-14 13:41:27 [INFO][org.springframework.boot.web.servlet.context.ServletWebServerApplicationContext][prepareWebApplicationContext][290]-> Root WebApplicationContext: initialization completed in 1728 ms
2024-05-14 13:41:27 [WARN][com.baomidou.mybatisplus.core.metadata.TableInfoHelper][initTableFields][307]-> Can not find table primary key in Class: "com.witch.pan.pojo.EmailCode".
2024-05-14 13:41:29 [INFO][org.apache.coyote.http11.Http11NioProtocol][log][173]-> Starting ProtocolHandler ["http-nio-7090"]
2024-05-14 13:41:29 [INFO][org.springframework.boot.web.embedded.tomcat.TomcatWebServer][start][220]-> Tomcat started on port(s): 7090 (http) with context path '/api'
2024-05-14 13:41:29 [INFO][com.witch.pan.WitchPanApplication][logStarted][61]-> Started WitchPanApplication in 4.498 seconds (JVM running for 6.744)
2024-05-14 13:41:43 [INFO][org.apache.catalina.core.ContainerBase.[Tomcat].[localhost].[/api]][log][173]-> Initializing Spring DispatcherServlet 'dispatcherServlet'
2024-05-14 13:41:43 [INFO][org.springframework.web.servlet.DispatcherServlet][initServletBean][525]-> Initializing Servlet 'dispatcherServlet'
2024-05-14 13:41:43 [INFO][org.springframework.web.servlet.DispatcherServlet][initServletBean][547]-> Completed initialization in 1 ms
2024-05-14 13:41:43 [ERROR][com.witch.common.handler.GlobalExceptionHandler][bizExceptionHandler][34]-> 发生业务异常！原因是: 无登陆信息，请重新登陆!
2024-05-14 13:41:57 [INFO][com.zaxxer.hikari.HikariDataSource][getConnection][110]-> HikariCPDatasource - Starting...
2024-05-14 13:41:57 [INFO][com.zaxxer.hikari.HikariDataSource][getConnection][123]-> HikariCPDatasource - Start completed.
2024-05-14 13:51:29 [WARN][org.mybatis.spring.mapper.ClassPathMapperScanner][warn][44]-> No MyBatis mapper was found in '[com.witch.pan.mapper]' package. Please check your configuration.
2024-05-14 13:51:29 [INFO][org.springframework.data.repository.config.RepositoryConfigurationDelegate][registerRepositoriesIn][132]-> Bootstrapping Spring Data Redis repositories in DEFAULT mode.
2024-05-14 13:51:29 [INFO][org.springframework.data.repository.config.RepositoryConfigurationDelegate][registerRepositoriesIn][201]-> Finished Spring Data repository scanning in 8 ms. Found 0 Redis repository interfaces.
2024-05-14 15:52:43 [WARN][org.mybatis.spring.mapper.ClassPathMapperScanner][warn][44]-> No MyBatis mapper was found in '[com.witch.pan.mapper]' package. Please check your configuration.
2024-05-14 15:52:43 [INFO][org.springframework.data.repository.config.RepositoryConfigurationDelegate][registerRepositoriesIn][132]-> Bootstrapping Spring Data Redis repositories in DEFAULT mode.
2024-05-14 15:52:43 [INFO][org.springframework.data.repository.config.RepositoryConfigurationDelegate][registerRepositoriesIn][201]-> Finished Spring Data repository scanning in 2 ms. Found 0 Redis repository interfaces.
2024-05-14 15:52:43 [ERROR][com.witch.common.handler.GlobalExceptionHandler][bizExceptionHandler][34]-> 发生业务异常！原因是: 无登陆信息，请重新登陆!
2024-05-14 18:16:49 [WARN][org.mybatis.spring.mapper.ClassPathMapperScanner][warn][44]-> No MyBatis mapper was found in '[com.witch.pan.mapper]' package. Please check your configuration.
2024-05-14 18:16:49 [INFO][org.springframework.data.repository.config.RepositoryConfigurationDelegate][registerRepositoriesIn][132]-> Bootstrapping Spring Data Redis repositories in DEFAULT mode.
2024-05-14 18:16:49 [INFO][org.springframework.data.repository.config.RepositoryConfigurationDelegate][registerRepositoriesIn][201]-> Finished Spring Data repository scanning in 8 ms. Found 0 Redis repository interfaces.
2024-05-14 18:16:49 [ERROR][com.witch.common.handler.GlobalExceptionHandler][bizExceptionHandler][34]-> 发生业务异常！原因是: 无登陆信息，请重新登陆!
2024-05-14 18:16:50 [ERROR][com.witch.common.handler.GlobalExceptionHandler][bizExceptionHandler][34]-> 发生业务异常！原因是: 无登陆信息，请重新登陆!
2024-05-14 19:31:55 [INFO][com.zaxxer.hikari.HikariDataSource][close][350]-> HikariCPDatasource - Shutdown initiated...
2024-05-14 19:31:55 [INFO][com.zaxxer.hikari.HikariDataSource][close][352]-> HikariCPDatasource - Shutdown completed.
2024-05-14 19:31:59 [INFO][org.hibernate.validator.internal.util.Version][<clinit>][21]-> HV000001: Hibernate Validator 6.2.0.Final
2024-05-14 19:31:59 [INFO][com.witch.pan.WitchPanApplication][logStarting][55]-> Starting WitchPanApplication using Java 1.8.0_352 on KonnoYuuki with PID 19872 (D:\IDEA\WitchPan\witchpan-server\server\target\classes started by Yuuki in D:\IDEA\WitchPan\witchpan-server)
2024-05-14 19:31:59 [INFO][com.witch.pan.WitchPanApplication][logStartupProfileInfo][635]-> No active profile set, falling back to default profiles: default
2024-05-14 19:32:00 [INFO][org.springframework.data.repository.config.RepositoryConfigurationDelegate][multipleStoresDetected][262]-> Multiple Spring Data modules found, entering strict repository configuration mode!
2024-05-14 19:32:00 [INFO][org.springframework.data.repository.config.RepositoryConfigurationDelegate][registerRepositoriesIn][132]-> Bootstrapping Spring Data Redis repositories in DEFAULT mode.
2024-05-14 19:32:00 [INFO][org.springframework.data.repository.config.RepositoryConfigurationDelegate][registerRepositoriesIn][201]-> Finished Spring Data repository scanning in 10 ms. Found 0 Redis repository interfaces.
2024-05-14 19:32:01 [INFO][org.springframework.boot.web.embedded.tomcat.TomcatWebServer][initialize][108]-> Tomcat initialized with port(s): 7090 (http)
2024-05-14 19:32:01 [INFO][org.apache.coyote.http11.Http11NioProtocol][log][173]-> Initializing ProtocolHandler ["http-nio-7090"]
2024-05-14 19:32:01 [INFO][org.apache.catalina.core.StandardService][log][173]-> Starting service [Tomcat]
2024-05-14 19:32:01 [INFO][org.apache.catalina.core.StandardEngine][log][173]-> Starting Servlet engine: [Apache Tomcat/9.0.55]
2024-05-14 19:32:01 [INFO][org.apache.catalina.core.ContainerBase.[Tomcat].[localhost].[/api]][log][173]-> Initializing Spring embedded WebApplicationContext
2024-05-14 19:32:01 [INFO][org.springframework.boot.web.servlet.context.ServletWebServerApplicationContext][prepareWebApplicationContext][290]-> Root WebApplicationContext: initialization completed in 1547 ms
2024-05-14 19:32:01 [WARN][com.baomidou.mybatisplus.core.metadata.TableInfoHelper][initTableFields][307]-> Can not find table primary key in Class: "com.witch.pan.pojo.EmailCode".
2024-05-14 19:32:03 [INFO][org.apache.coyote.http11.Http11NioProtocol][log][173]-> Starting ProtocolHandler ["http-nio-7090"]
2024-05-14 19:32:03 [INFO][org.springframework.boot.web.embedded.tomcat.TomcatWebServer][start][220]-> Tomcat started on port(s): 7090 (http) with context path '/api'
2024-05-14 19:32:03 [INFO][com.witch.pan.WitchPanApplication][logStarted][61]-> Started WitchPanApplication in 4.105 seconds (JVM running for 6.101)
2024-05-14 19:32:15 [INFO][org.apache.catalina.core.ContainerBase.[Tomcat].[localhost].[/api]][log][173]-> Initializing Spring DispatcherServlet 'dispatcherServlet'
2024-05-14 19:32:15 [INFO][org.springframework.web.servlet.DispatcherServlet][initServletBean][525]-> Initializing Servlet 'dispatcherServlet'
2024-05-14 19:32:15 [INFO][org.springframework.web.servlet.DispatcherServlet][initServletBean][547]-> Completed initialization in 1 ms
2024-05-14 19:32:16 [ERROR][com.witch.common.handler.GlobalExceptionHandler][handlerThrowable][42]-> 发生未知异常！原因是: 
org.springframework.web.multipart.MaxUploadSizeExceededException: Maximum upload size exceeded; nested exception is java.lang.IllegalStateException: org.apache.tomcat.util.http.fileupload.impl.FileSizeLimitExceededException: The field avatar exceeds its maximum permitted size of 1048576 bytes.
	at org.springframework.web.multipart.support.StandardMultipartHttpServletRequest.handleParseFailure(StandardMultipartHttpServletRequest.java:122)
	at org.springframework.web.multipart.support.StandardMultipartHttpServletRequest.parseRequest(StandardMultipartHttpServletRequest.java:115)
	at org.springframework.web.multipart.support.StandardMultipartHttpServletRequest.<init>(StandardMultipartHttpServletRequest.java:88)
	at org.springframework.web.multipart.support.StandardServletMultipartResolver.resolveMultipart(StandardServletMultipartResolver.java:122)
	at org.springframework.web.servlet.DispatcherServlet.checkMultipart(DispatcherServlet.java:1205)
	at org.springframework.web.servlet.DispatcherServlet.doDispatch(DispatcherServlet.java:1039)
	at org.springframework.web.servlet.DispatcherServlet.doService(DispatcherServlet.java:963)
	at org.springframework.web.servlet.FrameworkServlet.processRequest(FrameworkServlet.java:1006)
	at org.springframework.web.servlet.FrameworkServlet.doPost(FrameworkServlet.java:909)
	at javax.servlet.http.HttpServlet.service(HttpServlet.java:681)
	at org.springframework.web.servlet.FrameworkServlet.service(FrameworkServlet.java:883)
	at javax.servlet.http.HttpServlet.service(HttpServlet.java:764)
	at org.apache.catalina.core.ApplicationFilterChain.internalDoFilter(ApplicationFilterChain.java:227)
	at org.apache.catalina.core.ApplicationFilterChain.doFilter(ApplicationFilterChain.java:162)
	at org.apache.tomcat.websocket.server.WsFilter.doFilter(WsFilter.java:53)
	at org.apache.catalina.core.ApplicationFilterChain.internalDoFilter(ApplicationFilterChain.java:189)
	at org.apache.catalina.core.ApplicationFilterChain.doFilter(ApplicationFilterChain.java:162)
	at org.springframework.web.filter.RequestContextFilter.doFilterInternal(RequestContextFilter.java:100)
	at org.springframework.web.filter.OncePerRequestFilter.doFilter(OncePerRequestFilter.java:119)
	at org.apache.catalina.core.ApplicationFilterChain.internalDoFilter(ApplicationFilterChain.java:189)
	at org.apache.catalina.core.ApplicationFilterChain.doFilter(ApplicationFilterChain.java:162)
	at org.springframework.web.filter.FormContentFilter.doFilterInternal(FormContentFilter.java:93)
	at org.springframework.web.filter.OncePerRequestFilter.doFilter(OncePerRequestFilter.java:119)
	at org.apache.catalina.core.ApplicationFilterChain.internalDoFilter(ApplicationFilterChain.java:189)
	at org.apache.catalina.core.ApplicationFilterChain.doFilter(ApplicationFilterChain.java:162)
	at org.springframework.web.filter.CharacterEncodingFilter.doFilterInternal(CharacterEncodingFilter.java:201)
	at org.springframework.web.filter.OncePerRequestFilter.doFilter(OncePerRequestFilter.java:119)
	at org.apache.catalina.core.ApplicationFilterChain.internalDoFilter(ApplicationFilterChain.java:189)
	at org.apache.catalina.core.ApplicationFilterChain.doFilter(ApplicationFilterChain.java:162)
	at org.apache.catalina.core.StandardWrapperValve.invoke(StandardWrapperValve.java:197)
	at org.apache.catalina.core.StandardContextValve.__invoke(StandardContextValve.java:97)
	at org.apache.catalina.core.StandardContextValve.invoke(StandardContextValve.java:41002)
	at org.apache.catalina.authenticator.AuthenticatorBase.invoke(AuthenticatorBase.java:540)
	at org.apache.catalina.core.StandardHostValve.invoke(StandardHostValve.java:135)
	at org.apache.catalina.valves.ErrorReportValve.invoke(ErrorReportValve.java:92)
	at org.apache.catalina.core.StandardEngineValve.invoke(StandardEngineValve.java:78)
	at org.apache.catalina.connector.CoyoteAdapter.service(CoyoteAdapter.java:357)
	at org.apache.coyote.http11.Http11Processor.service(Http11Processor.java:382)
	at org.apache.coyote.AbstractProcessorLight.process(AbstractProcessorLight.java:65)
	at org.apache.coyote.AbstractProtocol$ConnectionHandler.process(AbstractProtocol.java:895)
	at org.apache.tomcat.util.net.NioEndpoint$SocketProcessor.doRun(NioEndpoint.java:1722)
	at org.apache.tomcat.util.net.SocketProcessorBase.run(SocketProcessorBase.java:49)
	at org.apache.tomcat.util.threads.ThreadPoolExecutor.runWorker(ThreadPoolExecutor.java:1191)
	at org.apache.tomcat.util.threads.ThreadPoolExecutor$Worker.run(ThreadPoolExecutor.java:659)
	at org.apache.tomcat.util.threads.TaskThread$WrappingRunnable.run(TaskThread.java:61)
	at java.lang.Thread.run(Thread.java:750)
Caused by: java.lang.IllegalStateException: org.apache.tomcat.util.http.fileupload.impl.FileSizeLimitExceededException: The field avatar exceeds its maximum permitted size of 1048576 bytes.
	at org.apache.catalina.connector.Request.parseParts(Request.java:2963)
	at org.apache.catalina.connector.Request.getParts(Request.java:2823)
	at org.apache.catalina.connector.RequestFacade.getParts(RequestFacade.java:1098)
	at org.springframework.web.multipart.support.StandardMultipartHttpServletRequest.parseRequest(StandardMultipartHttpServletRequest.java:95)
	... 44 common frames omitted
Caused by: org.apache.tomcat.util.http.fileupload.impl.FileSizeLimitExceededException: The field avatar exceeds its maximum permitted size of 1048576 bytes.
	at org.apache.tomcat.util.http.fileupload.impl.FileItemStreamImpl$1.raiseError(FileItemStreamImpl.java:117)
	at org.apache.tomcat.util.http.fileupload.util.LimitedInputStream.checkLimit(LimitedInputStream.java:76)
	at org.apache.tomcat.util.http.fileupload.util.LimitedInputStream.read(LimitedInputStream.java:135)
	at java.io.FilterInputStream.read(FilterInputStream.java:107)
	at org.apache.tomcat.util.http.fileupload.util.Streams.copy(Streams.java:97)
	at org.apache.tomcat.util.http.fileupload.FileUploadBase.parseRequest(FileUploadBase.java:288)
	at org.apache.catalina.connector.Request.parseParts(Request.java:2921)
	... 47 common frames omitted
2024-05-14 19:33:14 [INFO][org.hibernate.validator.internal.util.Version][<clinit>][21]-> HV000001: Hibernate Validator 6.2.0.Final
2024-05-14 19:33:14 [INFO][com.witch.pan.WitchPanApplication][logStarting][55]-> Starting WitchPanApplication using Java 1.8.0_352 on KonnoYuuki with PID 28872 (D:\IDEA\WitchPan\witchpan-server\server\target\classes started by Yuuki in D:\IDEA\WitchPan\witchpan-server)
2024-05-14 19:33:14 [INFO][com.witch.pan.WitchPanApplication][logStartupProfileInfo][635]-> No active profile set, falling back to default profiles: default
2024-05-14 19:33:15 [INFO][org.springframework.data.repository.config.RepositoryConfigurationDelegate][multipleStoresDetected][262]-> Multiple Spring Data modules found, entering strict repository configuration mode!
2024-05-14 19:33:15 [INFO][org.springframework.data.repository.config.RepositoryConfigurationDelegate][registerRepositoriesIn][132]-> Bootstrapping Spring Data Redis repositories in DEFAULT mode.
2024-05-14 19:33:15 [INFO][org.springframework.data.repository.config.RepositoryConfigurationDelegate][registerRepositoriesIn][201]-> Finished Spring Data repository scanning in 11 ms. Found 0 Redis repository interfaces.
2024-05-14 19:33:16 [INFO][org.springframework.boot.web.embedded.tomcat.TomcatWebServer][initialize][108]-> Tomcat initialized with port(s): 7090 (http)
2024-05-14 19:33:16 [INFO][org.apache.coyote.http11.Http11NioProtocol][log][173]-> Initializing ProtocolHandler ["http-nio-7090"]
2024-05-14 19:33:16 [INFO][org.apache.catalina.core.StandardService][log][173]-> Starting service [Tomcat]
2024-05-14 19:33:16 [INFO][org.apache.catalina.core.StandardEngine][log][173]-> Starting Servlet engine: [Apache Tomcat/9.0.55]
2024-05-14 19:33:16 [INFO][org.apache.catalina.core.ContainerBase.[Tomcat].[localhost].[/api]][log][173]-> Initializing Spring embedded WebApplicationContext
2024-05-14 19:33:16 [INFO][org.springframework.boot.web.servlet.context.ServletWebServerApplicationContext][prepareWebApplicationContext][290]-> Root WebApplicationContext: initialization completed in 1625 ms
2024-05-14 19:33:17 [WARN][com.baomidou.mybatisplus.core.metadata.TableInfoHelper][initTableFields][307]-> Can not find table primary key in Class: "com.witch.pan.pojo.EmailCode".
2024-05-14 19:33:18 [INFO][org.apache.coyote.http11.Http11NioProtocol][log][173]-> Starting ProtocolHandler ["http-nio-7090"]
2024-05-14 19:33:18 [INFO][org.springframework.boot.web.embedded.tomcat.TomcatWebServer][start][220]-> Tomcat started on port(s): 7090 (http) with context path '/api'
2024-05-14 19:33:18 [INFO][com.witch.pan.WitchPanApplication][logStarted][61]-> Started WitchPanApplication in 4.388 seconds (JVM running for 6.449)
2024-05-14 19:33:56 [INFO][org.apache.catalina.core.ContainerBase.[Tomcat].[localhost].[/api]][log][173]-> Initializing Spring DispatcherServlet 'dispatcherServlet'
2024-05-14 19:33:56 [INFO][org.springframework.web.servlet.DispatcherServlet][initServletBean][525]-> Initializing Servlet 'dispatcherServlet'
2024-05-14 19:33:56 [INFO][org.springframework.web.servlet.DispatcherServlet][initServletBean][547]-> Completed initialization in 1 ms
2024-05-14 19:33:56 [ERROR][com.witch.common.handler.GlobalExceptionHandler][bizExceptionHandler][34]-> 发生业务异常！原因是: 无登陆信息，请重新登陆!
2024-05-14 19:33:56 [ERROR][com.witch.common.handler.GlobalExceptionHandler][bizExceptionHandler][34]-> 发生业务异常！原因是: 无登陆信息，请重新登陆!
2024-05-14 19:34:11 [INFO][com.zaxxer.hikari.HikariDataSource][getConnection][110]-> HikariCPDatasource - Starting...
2024-05-14 19:34:12 [INFO][com.zaxxer.hikari.HikariDataSource][getConnection][123]-> HikariCPDatasource - Start completed.
2024-05-14 19:34:30 [ERROR][com.witch.common.handler.GlobalExceptionHandler][handlerThrowable][42]-> 发生未知异常！原因是: 
org.springframework.web.multipart.MaxUploadSizeExceededException: Maximum upload size exceeded; nested exception is java.lang.IllegalStateException: org.apache.tomcat.util.http.fileupload.impl.FileSizeLimitExceededException: The field avatar exceeds its maximum permitted size of 1048576 bytes.
	at org.springframework.web.multipart.support.StandardMultipartHttpServletRequest.handleParseFailure(StandardMultipartHttpServletRequest.java:122)
	at org.springframework.web.multipart.support.StandardMultipartHttpServletRequest.parseRequest(StandardMultipartHttpServletRequest.java:115)
	at org.springframework.web.multipart.support.StandardMultipartHttpServletRequest.<init>(StandardMultipartHttpServletRequest.java:88)
	at org.springframework.web.multipart.support.StandardServletMultipartResolver.resolveMultipart(StandardServletMultipartResolver.java:122)
	at org.springframework.web.servlet.DispatcherServlet.checkMultipart(DispatcherServlet.java:1205)
	at org.springframework.web.servlet.DispatcherServlet.doDispatch(DispatcherServlet.java:1039)
	at org.springframework.web.servlet.DispatcherServlet.doService(DispatcherServlet.java:963)
	at org.springframework.web.servlet.FrameworkServlet.processRequest(FrameworkServlet.java:1006)
	at org.springframework.web.servlet.FrameworkServlet.doPost(FrameworkServlet.java:909)
	at javax.servlet.http.HttpServlet.service(HttpServlet.java:681)
	at org.springframework.web.servlet.FrameworkServlet.service(FrameworkServlet.java:883)
	at javax.servlet.http.HttpServlet.service(HttpServlet.java:764)
	at org.apache.catalina.core.ApplicationFilterChain.internalDoFilter(ApplicationFilterChain.java:227)
	at org.apache.catalina.core.ApplicationFilterChain.doFilter(ApplicationFilterChain.java:162)
	at org.apache.tomcat.websocket.server.WsFilter.doFilter(WsFilter.java:53)
	at org.apache.catalina.core.ApplicationFilterChain.internalDoFilter(ApplicationFilterChain.java:189)
	at org.apache.catalina.core.ApplicationFilterChain.doFilter(ApplicationFilterChain.java:162)
	at org.springframework.web.filter.RequestContextFilter.doFilterInternal(RequestContextFilter.java:100)
	at org.springframework.web.filter.OncePerRequestFilter.doFilter(OncePerRequestFilter.java:119)
	at org.apache.catalina.core.ApplicationFilterChain.internalDoFilter(ApplicationFilterChain.java:189)
	at org.apache.catalina.core.ApplicationFilterChain.doFilter(ApplicationFilterChain.java:162)
	at org.springframework.web.filter.FormContentFilter.doFilterInternal(FormContentFilter.java:93)
	at org.springframework.web.filter.OncePerRequestFilter.doFilter(OncePerRequestFilter.java:119)
	at org.apache.catalina.core.ApplicationFilterChain.internalDoFilter(ApplicationFilterChain.java:189)
	at org.apache.catalina.core.ApplicationFilterChain.doFilter(ApplicationFilterChain.java:162)
	at org.springframework.web.filter.CharacterEncodingFilter.doFilterInternal(CharacterEncodingFilter.java:201)
	at org.springframework.web.filter.OncePerRequestFilter.doFilter(OncePerRequestFilter.java:119)
	at org.apache.catalina.core.ApplicationFilterChain.internalDoFilter(ApplicationFilterChain.java:189)
	at org.apache.catalina.core.ApplicationFilterChain.doFilter(ApplicationFilterChain.java:162)
	at org.apache.catalina.core.StandardWrapperValve.invoke(StandardWrapperValve.java:197)
	at org.apache.catalina.core.StandardContextValve.__invoke(StandardContextValve.java:97)
	at org.apache.catalina.core.StandardContextValve.invoke(StandardContextValve.java:41002)
	at org.apache.catalina.authenticator.AuthenticatorBase.invoke(AuthenticatorBase.java:540)
	at org.apache.catalina.core.StandardHostValve.invoke(StandardHostValve.java:135)
	at org.apache.catalina.valves.ErrorReportValve.invoke(ErrorReportValve.java:92)
	at org.apache.catalina.core.StandardEngineValve.invoke(StandardEngineValve.java:78)
	at org.apache.catalina.connector.CoyoteAdapter.service(CoyoteAdapter.java:357)
	at org.apache.coyote.http11.Http11Processor.service(Http11Processor.java:382)
	at org.apache.coyote.AbstractProcessorLight.process(AbstractProcessorLight.java:65)
	at org.apache.coyote.AbstractProtocol$ConnectionHandler.process(AbstractProtocol.java:895)
	at org.apache.tomcat.util.net.NioEndpoint$SocketProcessor.doRun(NioEndpoint.java:1722)
	at org.apache.tomcat.util.net.SocketProcessorBase.run(SocketProcessorBase.java:49)
	at org.apache.tomcat.util.threads.ThreadPoolExecutor.runWorker(ThreadPoolExecutor.java:1191)
	at org.apache.tomcat.util.threads.ThreadPoolExecutor$Worker.run(ThreadPoolExecutor.java:659)
	at org.apache.tomcat.util.threads.TaskThread$WrappingRunnable.run(TaskThread.java:61)
	at java.lang.Thread.run(Thread.java:750)
Caused by: java.lang.IllegalStateException: org.apache.tomcat.util.http.fileupload.impl.FileSizeLimitExceededException: The field avatar exceeds its maximum permitted size of 1048576 bytes.
	at org.apache.catalina.connector.Request.parseParts(Request.java:2963)
	at org.apache.catalina.connector.Request.getParts(Request.java:2823)
	at org.apache.catalina.connector.RequestFacade.getParts(RequestFacade.java:1098)
	at org.springframework.web.multipart.support.StandardMultipartHttpServletRequest.parseRequest(StandardMultipartHttpServletRequest.java:95)
	... 44 common frames omitted
Caused by: org.apache.tomcat.util.http.fileupload.impl.FileSizeLimitExceededException: The field avatar exceeds its maximum permitted size of 1048576 bytes.
	at org.apache.tomcat.util.http.fileupload.impl.FileItemStreamImpl$1.raiseError(FileItemStreamImpl.java:117)
	at org.apache.tomcat.util.http.fileupload.util.LimitedInputStream.checkLimit(LimitedInputStream.java:76)
	at org.apache.tomcat.util.http.fileupload.util.LimitedInputStream.read(LimitedInputStream.java:135)
	at java.io.FilterInputStream.read(FilterInputStream.java:107)
	at org.apache.tomcat.util.http.fileupload.util.Streams.copy(Streams.java:97)
	at org.apache.tomcat.util.http.fileupload.FileUploadBase.parseRequest(FileUploadBase.java:288)
	at org.apache.catalina.connector.Request.parseParts(Request.java:2921)
	... 47 common frames omitted
2024-05-14 19:36:03 [INFO][com.zaxxer.hikari.HikariDataSource][close][350]-> HikariCPDatasource - Shutdown initiated...
2024-05-14 19:36:03 [INFO][com.zaxxer.hikari.HikariDataSource][close][352]-> HikariCPDatasource - Shutdown completed.
2024-05-14 19:36:07 [INFO][org.hibernate.validator.internal.util.Version][<clinit>][21]-> HV000001: Hibernate Validator 6.2.0.Final
2024-05-14 19:36:07 [INFO][com.witch.pan.WitchPanApplication][logStarting][55]-> Starting WitchPanApplication using Java 1.8.0_352 on KonnoYuuki with PID 10432 (D:\IDEA\WitchPan\witchpan-server\server\target\classes started by Yuuki in D:\IDEA\WitchPan\witchpan-server)
2024-05-14 19:36:07 [INFO][com.witch.pan.WitchPanApplication][logStartupProfileInfo][635]-> No active profile set, falling back to default profiles: default
2024-05-14 19:36:08 [INFO][org.springframework.data.repository.config.RepositoryConfigurationDelegate][multipleStoresDetected][262]-> Multiple Spring Data modules found, entering strict repository configuration mode!
2024-05-14 19:36:08 [INFO][org.springframework.data.repository.config.RepositoryConfigurationDelegate][registerRepositoriesIn][132]-> Bootstrapping Spring Data Redis repositories in DEFAULT mode.
2024-05-14 19:36:08 [INFO][org.springframework.data.repository.config.RepositoryConfigurationDelegate][registerRepositoriesIn][201]-> Finished Spring Data repository scanning in 11 ms. Found 0 Redis repository interfaces.
2024-05-14 19:36:09 [INFO][org.springframework.boot.web.embedded.tomcat.TomcatWebServer][initialize][108]-> Tomcat initialized with port(s): 7090 (http)
2024-05-14 19:36:09 [INFO][org.apache.coyote.http11.Http11NioProtocol][log][173]-> Initializing ProtocolHandler ["http-nio-7090"]
2024-05-14 19:36:09 [INFO][org.apache.catalina.core.StandardService][log][173]-> Starting service [Tomcat]
2024-05-14 19:36:09 [INFO][org.apache.catalina.core.StandardEngine][log][173]-> Starting Servlet engine: [Apache Tomcat/9.0.55]
2024-05-14 19:36:09 [INFO][org.apache.catalina.core.ContainerBase.[Tomcat].[localhost].[/api]][log][173]-> Initializing Spring embedded WebApplicationContext
2024-05-14 19:36:09 [INFO][org.springframework.boot.web.servlet.context.ServletWebServerApplicationContext][prepareWebApplicationContext][290]-> Root WebApplicationContext: initialization completed in 1590 ms
2024-05-14 19:36:09 [WARN][com.baomidou.mybatisplus.core.metadata.TableInfoHelper][initTableFields][307]-> Can not find table primary key in Class: "com.witch.pan.pojo.EmailCode".
2024-05-14 19:36:11 [INFO][org.apache.coyote.http11.Http11NioProtocol][log][173]-> Starting ProtocolHandler ["http-nio-7090"]
2024-05-14 19:36:11 [INFO][org.springframework.boot.web.embedded.tomcat.TomcatWebServer][start][220]-> Tomcat started on port(s): 7090 (http) with context path '/api'
2024-05-14 19:36:11 [INFO][com.witch.pan.WitchPanApplication][logStarted][61]-> Started WitchPanApplication in 4.189 seconds (JVM running for 6.279)
2024-05-14 19:36:15 [INFO][org.apache.catalina.core.ContainerBase.[Tomcat].[localhost].[/api]][log][173]-> Initializing Spring DispatcherServlet 'dispatcherServlet'
2024-05-14 19:36:15 [INFO][org.springframework.web.servlet.DispatcherServlet][initServletBean][525]-> Initializing Servlet 'dispatcherServlet'
2024-05-14 19:36:15 [INFO][org.springframework.web.servlet.DispatcherServlet][initServletBean][547]-> Completed initialization in 1 ms
2024-05-14 19:36:15 [ERROR][com.witch.common.handler.GlobalExceptionHandler][bizExceptionHandler][34]-> 发生业务异常！原因是: 无登陆信息，请重新登陆!
2024-05-14 19:36:29 [INFO][com.zaxxer.hikari.HikariDataSource][getConnection][110]-> HikariCPDatasource - Starting...
2024-05-14 19:36:29 [INFO][com.zaxxer.hikari.HikariDataSource][getConnection][123]-> HikariCPDatasource - Start completed.
2024-05-14 20:17:41 [ERROR][com.witch.common.handler.GlobalExceptionHandler][bizExceptionHandler][34]-> 发生业务异常！原因是: 图片验证码错误
2024-05-14 20:17:46 [ERROR][com.witch.common.handler.GlobalExceptionHandler][bizExceptionHandler][34]-> 发生业务异常！原因是: 图片验证码错误
2024-05-14 20:18:55 [ERROR][com.witch.common.handler.GlobalExceptionHandler][bizExceptionHandler][34]-> 发生业务异常！原因是: 网盘空间不足，请扩容
2024-05-14 20:18:55 [ERROR][com.witch.common.handler.GlobalExceptionHandler][bizExceptionHandler][34]-> 发生业务异常！原因是: 网盘空间不足，请扩容
2024-05-14 20:18:55 [ERROR][com.witch.common.handler.GlobalExceptionHandler][bizExceptionHandler][34]-> 发生业务异常！原因是: 网盘空间不足，请扩容
2024-05-14 20:18:55 [ERROR][com.witch.common.handler.GlobalExceptionHandler][bizExceptionHandler][34]-> 发生业务异常！原因是: 网盘空间不足，请扩容
2024-05-14 20:18:55 [ERROR][com.witch.common.handler.GlobalExceptionHandler][bizExceptionHandler][34]-> 发生业务异常！原因是: 网盘空间不足，请扩容
2024-05-14 20:18:56 [ERROR][com.witch.common.handler.GlobalExceptionHandler][bizExceptionHandler][34]-> 发生业务异常！原因是: 网盘空间不足，请扩容
2024-05-14 20:32:25 [INFO][com.zaxxer.hikari.HikariDataSource][close][350]-> HikariCPDatasource - Shutdown initiated...
2024-05-14 20:32:25 [INFO][com.zaxxer.hikari.HikariDataSource][close][352]-> HikariCPDatasource - Shutdown completed.
